<?xml version="1.0" encoding="utf-8"?><testsuites name="pytest tests"><testsuite name="pytest" errors="0" failures="0" skipped="0" tests="8" time="0.062" timestamp="2025-07-03T17:01:52.916037+02:00" hostname="mac-mini"><testcase classname="sucolo_database_services.tests.test_data_access" name="test_city_not_found" time="0.007" /><testcase classname="sucolo_database_services.tests.test_data_access" name="test_invalid_radius" time="0.000" /><testcase classname="sucolo_database_services.tests.test_data_access" name="test_invalid_penalty" time="0.000" /><testcase classname="sucolo_database_services.tests.test_data_access" name="test_get_all_indices" time="0.005" /><testcase classname="sucolo_database_services.tests.test_data_access" name="test_get_hexagon_static_features" time="0.008" /><testcase classname="sucolo_database_services.tests.test_data_access" name="test_error_handling" time="0.005" /><testcase classname="sucolo_database_services.tests.test_data_access" name="test_get_multiple_features" time="0.009" /><testcase classname="sucolo_database_services.tests.test_district_features_service" name="test_get_hexagon_district_features_returns_dataframe" time="0.002" /></testsuite></testsuites>